This file contains any messages produced by compilers while
running configure, to aid debugging if configure makes a mistake.

It was created by Google C++ Testing Framework configure 1.8.0, which was
generated by GNU Autoconf 2.71.  Invocation command line was

  $ ./configure --disable-option-checking --prefix=/usr/local --cache-file=/dev/null --srcdir=.

## --------- ##
## Platform. ##
## --------- ##

hostname = centos
uname -m = x86_64
uname -r = 5.15.0-131-generic
uname -s = Linux
uname -v = #141~20.04.1-Ubuntu SMP Thu Jan 16 18:38:51 UTC 2025

/usr/bin/uname -p = x86_64
/bin/uname -X     = unknown

/bin/arch              = x86_64
/usr/bin/arch -k       = unknown
/usr/convex/getsysinfo = unknown
/usr/bin/hostinfo      = unknown
/bin/machine           = unknown
/usr/bin/oslevel       = unknown
/bin/universe          = unknown

PATH: /usr/local/sbin/
PATH: /usr/local/bin/
PATH: /usr/sbin/
PATH: /usr/bin/
PATH: /sbin/
PATH: /bin/
PATH: /usr/games/
PATH: /usr/local/games/
PATH: /snap/bin/
PATH: /home/stu/snap/test/myenv/


## ----------- ##
## Core tests. ##
## ----------- ##

configure:2716: looking for aux files: config.guess config.sub ltmain.sh compile missing install-sh
configure:2729:  trying ./build-aux/
configure:2758:   ./build-aux/config.guess found
configure:2758:   ./build-aux/config.sub found
configure:2758:   ./build-aux/ltmain.sh found
configure:2758:   ./build-aux/compile found
configure:2758:   ./build-aux/missing found
configure:2740:   ./build-aux/install-sh found
configure:2903: checking for a BSD-compatible install
configure:2976: result: /usr/bin/install -c
configure:2987: checking whether build environment is sane
configure:3042: result: yes
configure:3199: checking for a race-free mkdir -p
configure:3243: result: /usr/bin/mkdir -p
configure:3250: checking for gawk
configure:3285: result: no
configure:3250: checking for mawk
configure:3271: found /usr/bin/mawk
configure:3282: result: mawk
configure:3293: checking whether make sets $(MAKE)
configure:3316: result: yes
configure:3346: checking whether make supports nested variables
configure:3364: result: yes
configure:3564: checking for gcc
configure:3585: found /usr/bin/gcc
configure:3596: result: gcc
configure:3949: checking for C compiler version
configure:3958: gcc --version >&5
gcc (Ubuntu 9.4.0-1ubuntu1~20.04.2) 9.4.0
Copyright (C) 2019 Free Software Foundation, Inc.
This is free software; see the source for copying conditions.  There is NO
warranty; not even for MERCHANTABILITY or FITNESS FOR A PARTICULAR PURPOSE.

configure:3969: $? = 0
configure:3958: gcc -v >&5
Using built-in specs.
COLLECT_GCC=gcc
COLLECT_LTO_WRAPPER=/usr/lib/gcc/x86_64-linux-gnu/9/lto-wrapper
OFFLOAD_TARGET_NAMES=nvptx-none:hsa
OFFLOAD_TARGET_DEFAULT=1
Target: x86_64-linux-gnu
Configured with: ../src/configure -v --with-pkgversion='Ubuntu 9.4.0-1ubuntu1~20.04.2' --with-bugurl=file:///usr/share/doc/gcc-9/README.Bugs --enable-languages=c,ada,c++,go,brig,d,fortran,objc,obj-c++,gm2 --prefix=/usr --with-gcc-major-version-only --program-suffix=-9 --program-prefix=x86_64-linux-gnu- --enable-shared --enable-linker-build-id --libexecdir=/usr/lib --without-included-gettext --enable-threads=posix --libdir=/usr/lib --enable-nls --enable-clocale=gnu --enable-libstdcxx-debug --enable-libstdcxx-time=yes --with-default-libstdcxx-abi=new --enable-gnu-unique-object --disable-vtable-verify --enable-plugin --enable-default-pie --with-system-zlib --with-target-system-zlib=auto --enable-objc-gc=auto --enable-multiarch --disable-werror --with-arch-32=i686 --with-abi=m64 --with-multilib-list=m32,m64,mx32 --enable-multilib --with-tune=generic --enable-offload-targets=nvptx-none=/build/gcc-9-9QDOt0/gcc-9-9.4.0/debian/tmp-nvptx/usr,hsa --without-cuda-driver --enable-checking=release --build=x86_64-linux-gnu --host=x86_64-linux-gnu --target=x86_64-linux-gnu
Thread model: posix
gcc version 9.4.0 (Ubuntu 9.4.0-1ubuntu1~20.04.2) 
configure:3969: $? = 0
configure:3958: gcc -V >&5
gcc: error: unrecognized command line option '-V'
gcc: fatal error: no input files
compilation terminated.
configure:3969: $? = 1
configure:3958: gcc -qversion >&5
gcc: error: unrecognized command line option '-qversion'; did you mean '--version'?
gcc: fatal error: no input files
compilation terminated.
configure:3969: $? = 1
configure:3958: gcc -version >&5
gcc: error: unrecognized command line option '-version'
gcc: fatal error: no input files
compilation terminated.
configure:3969: $? = 1
configure:3989: checking whether the C compiler works
configure:4011: gcc    conftest.c  >&5
configure:4015: $? = 0
configure:4065: result: yes
configure:4068: checking for C compiler default output file name
configure:4070: result: a.out
configure:4076: checking for suffix of executables
configure:4083: gcc -o conftest    conftest.c  >&5
configure:4087: $? = 0
configure:4110: result: 
configure:4132: checking whether we are cross compiling
configure:4140: gcc -o conftest    conftest.c  >&5
configure:4144: $? = 0
configure:4151: ./conftest
configure:4155: $? = 0
configure:4143: result: no
configure:4148: checking for suffix of object files
configure:4171: gcc -c   conftest.c >&5
configure:4175: $? = 0
configure:4197: result: o
configure:4201: checking whether the compiler supports GNU C
configure:4221: gcc -c   conftest.c >&5
configure:4221: $? = 0
configure:4231: result: yes
configure:4242: checking whether gcc accepts -g
configure:4263: gcc -c -g  conftest.c >&5
configure:4263: $? = 0
configure:4307: result: yes
configure:4327: checking for gcc option to enable C11 features
configure:4342: gcc  -c   conftest.c >&5
configure:4342: $? = 0
configure:4360: result: none needed
configure:4476: checking whether gcc understands -c and -o together
configure:4499: gcc -c conftest.c -o conftest2.o
configure:4502: $? = 0
configure:4499: gcc -c conftest.c -o conftest2.o
configure:4502: $? = 0
configure:4514: result: yes
configure:4534: checking whether make supports the include directive
configure:4549: make -f confmf.GNU && cat confinc.out
this is the am__doit target
configure:4552: $? = 0
configure:4571: result: yes (GNU style)
configure:4597: checking dependency style of gcc
configure:4709: result: gcc3
configure:4793: checking for g++
configure:4814: found /usr/bin/g++
configure:4825: result: g++
configure:4852: checking for C++ compiler version
configure:4861: g++ --version >&5
g++ (Ubuntu 9.4.0-1ubuntu1~20.04.2) 9.4.0
Copyright (C) 2019 Free Software Foundation, Inc.
This is free software; see the source for copying conditions.  There is NO
warranty; not even for MERCHANTABILITY or FITNESS FOR A PARTICULAR PURPOSE.

configure:4872: $? = 0
configure:4861: g++ -v >&5
Using built-in specs.
COLLECT_GCC=g++
COLLECT_LTO_WRAPPER=/usr/lib/gcc/x86_64-linux-gnu/9/lto-wrapper
OFFLOAD_TARGET_NAMES=nvptx-none:hsa
OFFLOAD_TARGET_DEFAULT=1
Target: x86_64-linux-gnu
Configured with: ../src/configure -v --with-pkgversion='Ubuntu 9.4.0-1ubuntu1~20.04.2' --with-bugurl=file:///usr/share/doc/gcc-9/README.Bugs --enable-languages=c,ada,c++,go,brig,d,fortran,objc,obj-c++,gm2 --prefix=/usr --with-gcc-major-version-only --program-suffix=-9 --program-prefix=x86_64-linux-gnu- --enable-shared --enable-linker-build-id --libexecdir=/usr/lib --without-included-gettext --enable-threads=posix --libdir=/usr/lib --enable-nls --enable-clocale=gnu --enable-libstdcxx-debug --enable-libstdcxx-time=yes --with-default-libstdcxx-abi=new --enable-gnu-unique-object --disable-vtable-verify --enable-plugin --enable-default-pie --with-system-zlib --with-target-system-zlib=auto --enable-objc-gc=auto --enable-multiarch --disable-werror --with-arch-32=i686 --with-abi=m64 --with-multilib-list=m32,m64,mx32 --enable-multilib --with-tune=generic --enable-offload-targets=nvptx-none=/build/gcc-9-9QDOt0/gcc-9-9.4.0/debian/tmp-nvptx/usr,hsa --without-cuda-driver --enable-checking=release --build=x86_64-linux-gnu --host=x86_64-linux-gnu --target=x86_64-linux-gnu
Thread model: posix
gcc version 9.4.0 (Ubuntu 9.4.0-1ubuntu1~20.04.2) 
configure:4872: $? = 0
configure:4861: g++ -V >&5
g++: error: unrecognized command line option '-V'
g++: fatal error: no input files
compilation terminated.
configure:4872: $? = 1
configure:4861: g++ -qversion >&5
g++: error: unrecognized command line option '-qversion'; did you mean '--version'?
g++: fatal error: no input files
compilation terminated.
configure:4872: $? = 1
configure:4876: checking whether the compiler supports GNU C++
configure:4896: g++ -c  -g -std=c++11 -DNDEBUG  conftest.cpp >&5
configure:4896: $? = 0
configure:4906: result: yes
configure:4917: checking whether g++ accepts -g
configure:4938: g++ -c -g  conftest.cpp >&5
configure:4938: $? = 0
configure:4982: result: yes
configure:5002: checking for g++ option to enable C++11 features
configure:5017: g++  -c  -g -std=c++11 -DNDEBUG  conftest.cpp >&5
configure:5017: $? = 0
configure:5035: result: none needed
configure:5101: checking dependency style of g++
configure:5213: result: gcc3
configure:5266: checking build system type
configure:5281: result: x86_64-pc-linux-gnu
configure:5301: checking host system type
configure:5315: result: x86_64-pc-linux-gnu
configure:5356: checking how to print strings
configure:5383: result: printf
configure:5404: checking for a sed that does not truncate output
configure:5474: result: /usr/bin/sed
configure:5492: checking for grep that handles long lines and -e
configure:5556: result: /usr/bin/grep
configure:5561: checking for egrep
configure:5629: result: /usr/bin/grep -E
configure:5634: checking for fgrep
configure:5702: result: /usr/bin/grep -F
configure:5738: checking for ld used by gcc
configure:5806: result: /usr/bin/ld
configure:5813: checking if the linker (/usr/bin/ld) is GNU ld
configure:5829: result: yes
configure:5841: checking for BSD- or MS-compatible name lister (nm)
configure:5896: result: /usr/bin/nm -B
configure:6036: checking the name lister (/usr/bin/nm -B) interface
configure:6044: g++ -c  -g -std=c++11 -DNDEBUG  conftest.cpp >&5
configure:6047: /usr/bin/nm -B "conftest.o"
configure:6050: output
0000000000000000 B some_variable
configure:6051: result: BSD nm
configure:6054: checking whether ln -s works
configure:6058: result: yes
configure:6066: checking the maximum length of command line arguments
configure:6198: result: 1572864
configure:6246: checking how to convert x86_64-pc-linux-gnu file names to x86_64-pc-linux-gnu format
configure:6287: result: func_convert_file_noop
configure:6294: checking how to convert x86_64-pc-linux-gnu file names to toolchain format
configure:6315: result: func_convert_file_noop
configure:6322: checking for /usr/bin/ld option to reload object files
configure:6330: result: -r
configure:6409: checking for file
configure:6430: found /usr/bin/file
configure:6441: result: file
configure:6517: checking for objdump
configure:6538: found /usr/bin/objdump
configure:6549: result: objdump
configure:6581: checking how to recognize dependent libraries
configure:6782: result: pass_all
configure:6872: checking for dlltool
configure:6907: result: no
configure:6937: checking how to associate runtime and link libraries
configure:6965: result: printf %s\n
configure:7031: checking for ar
configure:7052: found /usr/bin/ar
configure:7063: result: ar
configure:7116: checking for archiver @FILE support
configure:7134: g++ -c  -g -std=c++11 -DNDEBUG  conftest.cpp >&5
configure:7134: $? = 0
configure:7138: ar cr libconftest.a @conftest.lst >&5
configure:7141: $? = 0
configure:7146: ar cr libconftest.a @conftest.lst >&5
ar: conftest.o: No such file or directory
configure:7149: $? = 1
configure:7148: result: @
configure:7211: checking for strip
configure:7232: found /usr/bin/strip
configure:7243: result: strip
configure:7320: checking for ranlib
configure:7341: found /usr/bin/ranlib
configure:7352: result: ranlib
configure:7454: checking command to parse /usr/bin/nm -B output from gcc object
configure:7608: g++ -c  -g -std=c++11 -DNDEBUG  conftest.cpp >&5
configure:7611: $? = 0
configure:7615: /usr/bin/nm -B conftest.o | /usr/bin/sed -n -e 's/^.*[	 ]\([ABCDGIRSTW][ABCDGIRSTW]*\)[	 ][	 ]*\([_A-Za-z][_A-Za-z0-9]*\)$/\1 \2 \2/p' | /usr/bin/sed '/ __gnu_lto/d' > conftest.nm
configure:7681: g++ -o conftest  -g -std=c++11 -DNDEBUG   conftest.cpp conftstm.o >&5
configure:7684: $? = 0
configure:7722: result: ok
configure:7769: checking for sysroot
configure:7800: result: no
configure:7807: checking for a working dd
configure:7851: result: /usr/bin/dd
configure:7855: checking how to truncate binary pipes
configure:7871: result: /usr/bin/dd bs=4096 count=1
configure:8009: g++ -c  -g -std=c++11 -DNDEBUG  conftest.cpp >&5
configure:8012: $? = 0
configure:8209: checking for mt
configure:8230: found /usr/bin/mt
configure:8241: result: mt
configure:8264: checking if mt is a manifest tool
configure:8271: mt '-?'
configure:8279: result: no
configure:9004: checking for stdio.h
configure:9004: g++ -c  -g -std=c++11 -DNDEBUG  conftest.cpp >&5
configure:9004: $? = 0
configure:9004: result: yes
configure:9004: checking for stdlib.h
configure:9004: g++ -c  -g -std=c++11 -DNDEBUG  conftest.cpp >&5
configure:9004: $? = 0
configure:9004: result: yes
configure:9004: checking for string.h
configure:9004: g++ -c  -g -std=c++11 -DNDEBUG  conftest.cpp >&5
configure:9004: $? = 0
configure:9004: result: yes
configure:9004: checking for inttypes.h
configure:9004: g++ -c  -g -std=c++11 -DNDEBUG  conftest.cpp >&5
configure:9004: $? = 0
configure:9004: result: yes
configure:9004: checking for stdint.h
configure:9004: g++ -c  -g -std=c++11 -DNDEBUG  conftest.cpp >&5
configure:9004: $? = 0
configure:9004: result: yes
configure:9004: checking for strings.h
configure:9004: g++ -c  -g -std=c++11 -DNDEBUG  conftest.cpp >&5
configure:9004: $? = 0
configure:9004: result: yes
configure:9004: checking for sys/stat.h
configure:9004: g++ -c  -g -std=c++11 -DNDEBUG  conftest.cpp >&5
configure:9004: $? = 0
configure:9004: result: yes
configure:9004: checking for sys/types.h
configure:9004: g++ -c  -g -std=c++11 -DNDEBUG  conftest.cpp >&5
configure:9004: $? = 0
configure:9004: result: yes
configure:9004: checking for unistd.h
configure:9004: g++ -c  -g -std=c++11 -DNDEBUG  conftest.cpp >&5
configure:9004: $? = 0
configure:9004: result: yes
configure:9029: checking for dlfcn.h
configure:9029: g++ -c  -g -std=c++11 -DNDEBUG  conftest.cpp >&5
configure:9029: $? = 0
configure:9029: result: yes
configure:9298: checking for objdir
configure:9314: result: .libs
configure:9578: checking if gcc supports -fno-rtti -fno-exceptions
configure:9597: gcc -c   -fno-rtti -fno-exceptions conftest.c >&5
cc1: warning: command line option '-fno-rtti' is valid for C++/D/ObjC++ but not for C
configure:9601: $? = 0
configure:9614: result: no
configure:9978: checking for gcc option to produce PIC
configure:9986: result: -fPIC -DPIC
configure:9994: checking if gcc PIC flag -fPIC -DPIC works
configure:10013: gcc -c   -fPIC -DPIC -DPIC conftest.c >&5
configure:10017: $? = 0
configure:10030: result: yes
configure:10059: checking if gcc static flag -static works
configure:10088: result: yes
configure:10103: checking if gcc supports -c -o file.o
configure:10125: gcc -c   -o out/conftest2.o conftest.c >&5
configure:10129: $? = 0
configure:10151: result: yes
configure:10159: checking if gcc supports -c -o file.o
configure:10207: result: yes
configure:10240: checking whether the gcc linker (/usr/bin/ld -m elf_x86_64) supports shared libraries
configure:11514: result: yes
configure:11551: checking whether -lc should be explicitly linked in
configure:11560: gcc -c   conftest.c >&5
configure:11563: $? = 0
configure:11578: gcc -shared  -fPIC -DPIC conftest.o  -v -Wl,-soname -Wl,conftest -o conftest 2\>\&1 \| /usr/bin/grep  -lc  \>/dev/null 2\>\&1
configure:11581: $? = 0
configure:11595: result: no
configure:11755: checking dynamic linker characteristics
configure:12337: gcc -o conftest    -Wl,-rpath -Wl,/foo conftest.c  >&5
configure:12337: $? = 0
configure:12588: result: GNU/Linux ld.so
configure:12710: checking how to hardcode library paths into programs
configure:12735: result: immediate
configure:13287: checking whether stripping libraries is possible
configure:13296: result: yes
configure:13338: checking if libtool supports shared libraries
configure:13340: result: yes
configure:13343: checking whether to build shared libraries
configure:13368: result: yes
configure:13371: checking whether to build static libraries
configure:13375: result: yes
configure:10143: checking how to run the C++ preprocessor
configure:10165: g++ -E  conftest.cpp
configure:10165: $? = 0
configure:10180: g++ -E  conftest.cpp
conftest.cpp:23:10: fatal error: ac_nonexistent.h: No such file or directory
   23 | #include <ac_nonexistent.h>
      |          ^~~~~~~~~~~~~~~~~~
compilation terminated.
configure:10180: $? = 1
configure: failed program was:
| /* confdefs.h */
| #define PACKAGE_NAME "Google C++ Testing Framework"
| #define PACKAGE_TARNAME "gtest"
| #define PACKAGE_VERSION "1.8.0"
| #define PACKAGE_STRING "Google C++ Testing Framework 1.8.0"
| #define PACKAGE_BUGREPORT "googletestframework@googlegroups.com"
| #define PACKAGE_URL ""
| #define PACKAGE "gtest"
| #define VERSION "1.8.0"
| #define HAVE_STDIO_H 1
| #define HAVE_STDLIB_H 1
| #define HAVE_STRING_H 1
| #define HAVE_INTTYPES_H 1
| #define HAVE_STDINT_H 1
| #define HAVE_STRINGS_H 1
| #define HAVE_SYS_STAT_H 1
| #define HAVE_SYS_TYPES_H 1
| #define HAVE_UNISTD_H 1
| #define STDC_HEADERS 1
| #define HAVE_DLFCN_H 1
| #define LT_OBJDIR ".libs/"
| /* end confdefs.h.  */
| #include <ac_nonexistent.h>
configure:10207: result: g++ -E
configure:10221: g++ -E  conftest.cpp
configure:10221: $? = 0
configure:10236: g++ -E  conftest.cpp
conftest.cpp:23:10: fatal error: ac_nonexistent.h: No such file or directory
   23 | #include <ac_nonexistent.h>
      |          ^~~~~~~~~~~~~~~~~~
compilation terminated.
configure:10236: $? = 1
configure: failed program was:
| /* confdefs.h */
| #define PACKAGE_NAME "Google C++ Testing Framework"
| #define PACKAGE_TARNAME "gtest"
| #define PACKAGE_VERSION "1.8.0"
| #define PACKAGE_STRING "Google C++ Testing Framework 1.8.0"
| #define PACKAGE_BUGREPORT "googletestframework@googlegroups.com"
| #define PACKAGE_URL ""
| #define PACKAGE "gtest"
| #define VERSION "1.8.0"
| #define HAVE_STDIO_H 1
| #define HAVE_STDLIB_H 1
| #define HAVE_STRING_H 1
| #define HAVE_INTTYPES_H 1
| #define HAVE_STDINT_H 1
| #define HAVE_STRINGS_H 1
| #define HAVE_SYS_STAT_H 1
| #define HAVE_SYS_TYPES_H 1
| #define HAVE_UNISTD_H 1
| #define STDC_HEADERS 1
| #define HAVE_DLFCN_H 1
| #define LT_OBJDIR ".libs/"
| /* end confdefs.h.  */
| #include <ac_nonexistent.h>
configure:10401: checking for ld used by g++
configure:10469: result: /usr/bin/ld -m elf_x86_64
configure:10476: checking if the linker (/usr/bin/ld -m elf_x86_64) is GNU ld
configure:10492: result: yes
configure:10547: checking whether the g++ linker (/usr/bin/ld -m elf_x86_64) supports shared libraries
configure:11625: result: yes
configure:11661: g++ -c  -g -std=c++11 -DNDEBUG  conftest.cpp >&5
configure:11664: $? = 0
configure:12145: checking for g++ option to produce PIC
configure:12153: result: -fPIC -DPIC
configure:12161: checking if g++ PIC flag -fPIC -DPIC works
configure:12180: g++ -c  -g -std=c++11 -DNDEBUG  -fPIC -DPIC -DPIC conftest.cpp >&5
configure:12184: $? = 0
configure:12197: result: yes
configure:12220: checking if g++ static flag -static works
configure:12249: result: yes
configure:12261: checking if g++ supports -c -o file.o
configure:12283: g++ -c  -g -std=c++11 -DNDEBUG  -o out/conftest2.o conftest.cpp >&5
configure:12287: $? = 0
configure:12309: result: yes
configure:12314: checking if g++ supports -c -o file.o
configure:12362: result: yes
configure:12392: checking whether the g++ linker (/usr/bin/ld -m elf_x86_64) supports shared libraries
configure:12435: result: yes
configure:12577: checking dynamic linker characteristics
configure:13337: result: GNU/Linux ld.so
configure:13402: checking how to hardcode library paths into programs
configure:13427: result: immediate
configure:12323: checking for python
configure:12359: result: :
configure:12580: checking for the pthreads library -lpthreads
configure:12613: gcc -o conftest     conftest.c -lpthreads  >&5
conftest.c: In function 'main':
conftest.c:28:22: warning: null argument where non-null required (argument 1) [-Wnonnull]
   28 |                      pthread_attr_init(0); pthread_cleanup_push(0, 0);
      |                      ^~~~~~~~~~~~~~~~~
conftest.c:29:22: warning: null argument where non-null required (argument 1) [-Wnonnull]
   29 |                      pthread_create(0,0,0,0); pthread_cleanup_pop(0);
      |                      ^~~~~~~~~~~~~~
conftest.c:29:22: warning: null argument where non-null required (argument 3) [-Wnonnull]
/usr/bin/ld: cannot find -lpthreads
collect2: error: ld returned 1 exit status
configure:12613: $? = 1
configure: failed program was:
| /* confdefs.h */
| #define PACKAGE_NAME "Google C++ Testing Framework"
| #define PACKAGE_TARNAME "gtest"
| #define PACKAGE_VERSION "1.8.0"
| #define PACKAGE_STRING "Google C++ Testing Framework 1.8.0"
| #define PACKAGE_BUGREPORT "googletestframework@googlegroups.com"
| #define PACKAGE_URL ""
| #define PACKAGE "gtest"
| #define VERSION "1.8.0"
| #define HAVE_STDIO_H 1
| #define HAVE_STDLIB_H 1
| #define HAVE_STRING_H 1
| #define HAVE_INTTYPES_H 1
| #define HAVE_STDINT_H 1
| #define HAVE_STRINGS_H 1
| #define HAVE_SYS_STAT_H 1
| #define HAVE_SYS_TYPES_H 1
| #define HAVE_UNISTD_H 1
| #define STDC_HEADERS 1
| #define HAVE_DLFCN_H 1
| #define LT_OBJDIR ".libs/"
| /* end confdefs.h.  */
| #include <pthread.h>
| int
| main (void)
| {
| pthread_t th; pthread_join(th, 0);
|                      pthread_attr_init(0); pthread_cleanup_push(0, 0);
|                      pthread_create(0,0,0,0); pthread_cleanup_pop(0);
|   ;
|   return 0;
| }
configure:12623: result: no
configure:12520: checking whether pthreads work without any flags
configure:12613: gcc -o conftest     conftest.c   >&5
conftest.c: In function 'main':
conftest.c:28:22: warning: null argument where non-null required (argument 1) [-Wnonnull]
   28 |                      pthread_attr_init(0); pthread_cleanup_push(0, 0);
      |                      ^~~~~~~~~~~~~~~~~
conftest.c:29:22: warning: null argument where non-null required (argument 1) [-Wnonnull]
   29 |                      pthread_create(0,0,0,0); pthread_cleanup_pop(0);
      |                      ^~~~~~~~~~~~~~
conftest.c:29:22: warning: null argument where non-null required (argument 3) [-Wnonnull]
/usr/bin/ld: /tmp/cc4P6cr1.o: in function `main':
conftest.c:(.text+0x2b): undefined reference to `pthread_join'
/usr/bin/ld: conftest.c:(.text+0x98): undefined reference to `__pthread_register_cancel'
/usr/bin/ld: conftest.c:(.text+0xb1): undefined reference to `pthread_create'
/usr/bin/ld: conftest.c:(.text+0xbd): undefined reference to `__pthread_unregister_cancel'
collect2: error: ld returned 1 exit status
configure:12613: $? = 1
configure: failed program was:
| /* confdefs.h */
| #define PACKAGE_NAME "Google C++ Testing Framework"
| #define PACKAGE_TARNAME "gtest"
| #define PACKAGE_VERSION "1.8.0"
| #define PACKAGE_STRING "Google C++ Testing Framework 1.8.0"
| #define PACKAGE_BUGREPORT "googletestframework@googlegroups.com"
| #define PACKAGE_URL ""
| #define PACKAGE "gtest"
| #define VERSION "1.8.0"
| #define HAVE_STDIO_H 1
| #define HAVE_STDLIB_H 1
| #define HAVE_STRING_H 1
| #define HAVE_INTTYPES_H 1
| #define HAVE_STDINT_H 1
| #define HAVE_STRINGS_H 1
| #define HAVE_SYS_STAT_H 1
| #define HAVE_SYS_TYPES_H 1
| #define HAVE_UNISTD_H 1
| #define STDC_HEADERS 1
| #define HAVE_DLFCN_H 1
| #define LT_OBJDIR ".libs/"
| /* end confdefs.h.  */
| #include <pthread.h>
| int
| main (void)
| {
| pthread_t th; pthread_join(th, 0);
|                      pthread_attr_init(0); pthread_cleanup_push(0, 0);
|                      pthread_create(0,0,0,0); pthread_cleanup_pop(0);
|   ;
|   return 0;
| }
configure:12623: result: no
configure:12525: checking whether pthreads work with -Kthread
configure:12613: gcc -o conftest  -Kthread   conftest.c   >&5
gcc: error: unrecognized command line option '-Kthread'; did you mean '-pthread'?
configure:12613: $? = 1
configure: failed program was:
| /* confdefs.h */
| #define PACKAGE_NAME "Google C++ Testing Framework"
| #define PACKAGE_TARNAME "gtest"
| #define PACKAGE_VERSION "1.8.0"
| #define PACKAGE_STRING "Google C++ Testing Framework 1.8.0"
| #define PACKAGE_BUGREPORT "googletestframework@googlegroups.com"
| #define PACKAGE_URL ""
| #define PACKAGE "gtest"
| #define VERSION "1.8.0"
| #define HAVE_STDIO_H 1
| #define HAVE_STDLIB_H 1
| #define HAVE_STRING_H 1
| #define HAVE_INTTYPES_H 1
| #define HAVE_STDINT_H 1
| #define HAVE_STRINGS_H 1
| #define HAVE_SYS_STAT_H 1
| #define HAVE_SYS_TYPES_H 1
| #define HAVE_UNISTD_H 1
| #define STDC_HEADERS 1
| #define HAVE_DLFCN_H 1
| #define LT_OBJDIR ".libs/"
| /* end confdefs.h.  */
| #include <pthread.h>
| int
| main (void)
| {
| pthread_t th; pthread_join(th, 0);
|                      pthread_attr_init(0); pthread_cleanup_push(0, 0);
|                      pthread_create(0,0,0,0); pthread_cleanup_pop(0);
|   ;
|   return 0;
| }
configure:12623: result: no
configure:12525: checking whether pthreads work with -kthread
configure:12613: gcc -o conftest  -kthread   conftest.c   >&5
gcc: error: unrecognized command line option '-kthread'; did you mean '-pthread'?
configure:12613: $? = 1
configure: failed program was:
| /* confdefs.h */
| #define PACKAGE_NAME "Google C++ Testing Framework"
| #define PACKAGE_TARNAME "gtest"
| #define PACKAGE_VERSION "1.8.0"
| #define PACKAGE_STRING "Google C++ Testing Framework 1.8.0"
| #define PACKAGE_BUGREPORT "googletestframework@googlegroups.com"
| #define PACKAGE_URL ""
| #define PACKAGE "gtest"
| #define VERSION "1.8.0"
| #define HAVE_STDIO_H 1
| #define HAVE_STDLIB_H 1
| #define HAVE_STRING_H 1
| #define HAVE_INTTYPES_H 1
| #define HAVE_STDINT_H 1
| #define HAVE_STRINGS_H 1
| #define HAVE_SYS_STAT_H 1
| #define HAVE_SYS_TYPES_H 1
| #define HAVE_UNISTD_H 1
| #define STDC_HEADERS 1
| #define HAVE_DLFCN_H 1
| #define LT_OBJDIR ".libs/"
| /* end confdefs.h.  */
| #include <pthread.h>
| int
| main (void)
| {
| pthread_t th; pthread_join(th, 0);
|                      pthread_attr_init(0); pthread_cleanup_push(0, 0);
|                      pthread_create(0,0,0,0); pthread_cleanup_pop(0);
|   ;
|   return 0;
| }
configure:12623: result: no
configure:12580: checking for the pthreads library -llthread
configure:12613: gcc -o conftest     conftest.c -llthread  >&5
conftest.c: In function 'main':
conftest.c:28:22: warning: null argument where non-null required (argument 1) [-Wnonnull]
   28 |                      pthread_attr_init(0); pthread_cleanup_push(0, 0);
      |                      ^~~~~~~~~~~~~~~~~
conftest.c:29:22: warning: null argument where non-null required (argument 1) [-Wnonnull]
   29 |                      pthread_create(0,0,0,0); pthread_cleanup_pop(0);
      |                      ^~~~~~~~~~~~~~
conftest.c:29:22: warning: null argument where non-null required (argument 3) [-Wnonnull]
/usr/bin/ld: cannot find -llthread
collect2: error: ld returned 1 exit status
configure:12613: $? = 1
configure: failed program was:
| /* confdefs.h */
| #define PACKAGE_NAME "Google C++ Testing Framework"
| #define PACKAGE_TARNAME "gtest"
| #define PACKAGE_VERSION "1.8.0"
| #define PACKAGE_STRING "Google C++ Testing Framework 1.8.0"
| #define PACKAGE_BUGREPORT "googletestframework@googlegroups.com"
| #define PACKAGE_URL ""
| #define PACKAGE "gtest"
| #define VERSION "1.8.0"
| #define HAVE_STDIO_H 1
| #define HAVE_STDLIB_H 1
| #define HAVE_STRING_H 1
| #define HAVE_INTTYPES_H 1
| #define HAVE_STDINT_H 1
| #define HAVE_STRINGS_H 1
| #define HAVE_SYS_STAT_H 1
| #define HAVE_SYS_TYPES_H 1
| #define HAVE_UNISTD_H 1
| #define STDC_HEADERS 1
| #define HAVE_DLFCN_H 1
| #define LT_OBJDIR ".libs/"
| /* end confdefs.h.  */
| #include <pthread.h>
| int
| main (void)
| {
| pthread_t th; pthread_join(th, 0);
|                      pthread_attr_init(0); pthread_cleanup_push(0, 0);
|                      pthread_create(0,0,0,0); pthread_cleanup_pop(0);
|   ;
|   return 0;
| }
configure:12623: result: no
configure:12525: checking whether pthreads work with -pthread
configure:12613: gcc -o conftest  -pthread   conftest.c   >&5
conftest.c: In function 'main':
conftest.c:28:22: warning: null argument where non-null required (argument 1) [-Wnonnull]
   28 |                      pthread_attr_init(0); pthread_cleanup_push(0, 0);
      |                      ^~~~~~~~~~~~~~~~~
conftest.c:29:22: warning: null argument where non-null required (argument 1) [-Wnonnull]
   29 |                      pthread_create(0,0,0,0); pthread_cleanup_pop(0);
      |                      ^~~~~~~~~~~~~~
conftest.c:29:22: warning: null argument where non-null required (argument 3) [-Wnonnull]
configure:12613: $? = 0
configure:12623: result: yes
configure:12642: checking for joinable pthread attribute
configure:12657: gcc -o conftest  -pthread   conftest.c   >&5
configure:12657: $? = 0
configure:12664: result: PTHREAD_CREATE_JOINABLE
configure:12672: checking if more special flags are required for pthreads
configure:12679: result: no
configure:12773: checking whether to check for GCC pthread/shared inconsistencies
configure:12786: gcc -o conftest -shared -fPIC -Wl,-z,defs  -pthread   conftest.c   >&5
configure:12786: $? = 0
configure:12799: result: yes
configure:12805: checking whether -pthread is sufficient with -shared
configure:12820: gcc -o conftest -shared -fPIC -Wl,-z,defs  -pthread   conftest.c   >&5
conftest.c: In function 'main':
conftest.c:28:8: warning: null argument where non-null required (argument 1) [-Wnonnull]
   28 |        pthread_attr_init(0); pthread_cleanup_push(0, 0);
      |        ^~~~~~~~~~~~~~~~~
conftest.c:29:8: warning: null argument where non-null required (argument 1) [-Wnonnull]
   29 |        pthread_create(0,0,0,0); pthread_cleanup_pop(0);
      |        ^~~~~~~~~~~~~~
conftest.c:29:8: warning: null argument where non-null required (argument 3) [-Wnonnull]
configure:12820: $? = 0
configure:12828: result: yes
configure:13072: checking that generated files are newer than configure
configure:13078: result: done
configure:13113: creating ./config.status

## ---------------------- ##
## Running config.status. ##
## ---------------------- ##

This file was extended by Google C++ Testing Framework config.status 1.8.0, which was
generated by GNU Autoconf 2.71.  Invocation command line was

  CONFIG_FILES    = 
  CONFIG_HEADERS  = 
  CONFIG_LINKS    = 
  CONFIG_COMMANDS = 
  $ ./config.status 

on centos

config.status:1152: creating Makefile
config.status:1152: creating scripts/gtest-config
config.status:1152: creating build-aux/config.h
config.status:1381: executing depfiles commands
config.status:1459: cd .       && sed -e '/# am--include-marker/d' Makefile         | make -f - am--depfiles
config.status:1464: $? = 0
config.status:1381: executing libtool commands

## ---------------- ##
## Cache variables. ##
## ---------------- ##

ac_cv_build=x86_64-pc-linux-gnu
ac_cv_c_compiler_gnu=yes
ac_cv_cxx_compiler_gnu=yes
ac_cv_env_CCC_set=
ac_cv_env_CCC_value=
ac_cv_env_CC_set=
ac_cv_env_CC_value=
ac_cv_env_CFLAGS_set=set
ac_cv_env_CFLAGS_value=
ac_cv_env_CPPFLAGS_set=
ac_cv_env_CPPFLAGS_value=
ac_cv_env_CXXCPP_set=
ac_cv_env_CXXCPP_value=
ac_cv_env_CXXFLAGS_set=set
ac_cv_env_CXXFLAGS_value=' -g -std=c++11 -DNDEBUG'
ac_cv_env_CXX_set=
ac_cv_env_CXX_value=
ac_cv_env_LDFLAGS_set=
ac_cv_env_LDFLAGS_value=
ac_cv_env_LIBS_set=
ac_cv_env_LIBS_value=
ac_cv_env_LT_SYS_LIBRARY_PATH_set=
ac_cv_env_LT_SYS_LIBRARY_PATH_value=
ac_cv_env_build_alias_set=
ac_cv_env_build_alias_value=
ac_cv_env_host_alias_set=
ac_cv_env_host_alias_value=
ac_cv_env_target_alias_set=
ac_cv_env_target_alias_value=
ac_cv_header_dlfcn_h=yes
ac_cv_header_inttypes_h=yes
ac_cv_header_stdint_h=yes
ac_cv_header_stdio_h=yes
ac_cv_header_stdlib_h=yes
ac_cv_header_string_h=yes
ac_cv_header_strings_h=yes
ac_cv_header_sys_stat_h=yes
ac_cv_header_sys_types_h=yes
ac_cv_header_unistd_h=yes
ac_cv_host=x86_64-pc-linux-gnu
ac_cv_objext=o
ac_cv_path_EGREP='/usr/bin/grep -E'
ac_cv_path_FGREP='/usr/bin/grep -F'
ac_cv_path_GREP=/usr/bin/grep
ac_cv_path_PYTHON=:
ac_cv_path_SED=/usr/bin/sed
ac_cv_path_install='/usr/bin/install -c'
ac_cv_path_lt_DD=/usr/bin/dd
ac_cv_path_mkdir=/usr/bin/mkdir
ac_cv_prog_AWK=mawk
ac_cv_prog_CXXCPP='g++ -E'
ac_cv_prog_ac_ct_AR=ar
ac_cv_prog_ac_ct_CC=gcc
ac_cv_prog_ac_ct_CXX=g++
ac_cv_prog_ac_ct_FILECMD=file
ac_cv_prog_ac_ct_MANIFEST_TOOL=mt
ac_cv_prog_ac_ct_OBJDUMP=objdump
ac_cv_prog_ac_ct_RANLIB=ranlib
ac_cv_prog_ac_ct_STRIP=strip
ac_cv_prog_cc_c11=
ac_cv_prog_cc_g=yes
ac_cv_prog_cc_stdc=
ac_cv_prog_cxx_11=no
ac_cv_prog_cxx_cxx11=
ac_cv_prog_cxx_g=yes
ac_cv_prog_cxx_stdcxx=
ac_cv_prog_make_make_set=yes
am_cv_CC_dependencies_compiler_type=gcc3
am_cv_CXX_dependencies_compiler_type=gcc3
am_cv_make_support_nested_variables=yes
am_cv_prog_cc_c_o=yes
lt_cv_ar_at_file=@
lt_cv_archive_cmds_need_lc=no
lt_cv_deplibs_check_method=pass_all
lt_cv_file_magic_cmd='$MAGIC_CMD'
lt_cv_file_magic_test_file=
lt_cv_ld_reload_flag=-r
lt_cv_nm_interface='BSD nm'
lt_cv_objdir=.libs
lt_cv_path_LD=/usr/bin/ld
lt_cv_path_LDCXX='/usr/bin/ld -m elf_x86_64'
lt_cv_path_NM='/usr/bin/nm -B'
lt_cv_path_mainfest_tool=no
lt_cv_prog_compiler_c_o=yes
lt_cv_prog_compiler_c_o_CXX=yes
lt_cv_prog_compiler_pic='-fPIC -DPIC'
lt_cv_prog_compiler_pic_CXX='-fPIC -DPIC'
lt_cv_prog_compiler_pic_works=yes
lt_cv_prog_compiler_pic_works_CXX=yes
lt_cv_prog_compiler_rtti_exceptions=no
lt_cv_prog_compiler_static_works=yes
lt_cv_prog_compiler_static_works_CXX=yes
lt_cv_prog_gnu_ld=yes
lt_cv_prog_gnu_ldcxx=yes
lt_cv_sharedlib_from_linklib_cmd='printf %s\n'
lt_cv_shlibpath_overrides_runpath=yes
lt_cv_sys_global_symbol_pipe='/usr/bin/sed -n -e '\''s/^.*[	 ]\([ABCDGIRSTW][ABCDGIRSTW]*\)[	 ][	 ]*\([_A-Za-z][_A-Za-z0-9]*\)$/\1 \2 \2/p'\'' | /usr/bin/sed '\''/ __gnu_lto/d'\'''
lt_cv_sys_global_symbol_to_c_name_address='/usr/bin/sed -n -e '\''s/^: \(.*\) .*$/  {"\1", (void *) 0},/p'\'' -e '\''s/^[ABCDGIRSTW][ABCDGIRSTW]* .* \(.*\)$/  {"\1", (void *) \&\1},/p'\'''
lt_cv_sys_global_symbol_to_c_name_address_lib_prefix='/usr/bin/sed -n -e '\''s/^: \(.*\) .*$/  {"\1", (void *) 0},/p'\'' -e '\''s/^[ABCDGIRSTW][ABCDGIRSTW]* .* \(lib.*\)$/  {"\1", (void *) \&\1},/p'\'' -e '\''s/^[ABCDGIRSTW][ABCDGIRSTW]* .* \(.*\)$/  {"lib\1", (void *) \&\1},/p'\'''
lt_cv_sys_global_symbol_to_cdecl='/usr/bin/sed -n -e '\''s/^T .* \(.*\)$/extern int \1();/p'\'' -e '\''s/^[ABCDGIRSTW][ABCDGIRSTW]* .* \(.*\)$/extern char \1;/p'\'''
lt_cv_sys_global_symbol_to_import=
lt_cv_sys_max_cmd_len=1572864
lt_cv_to_host_file_cmd=func_convert_file_noop
lt_cv_to_tool_file_cmd=func_convert_file_noop
lt_cv_truncate_bin='/usr/bin/dd bs=4096 count=1'

## ----------------- ##
## Output variables. ##
## ----------------- ##

ACLOCAL='${SHELL} '\''/home/stu/test/mprpc/test/protobuf-3.21.12/third_party/googletest/googletest/build-aux/missing'\'' aclocal-1.16'
AMDEPBACKSLASH='\'
AMDEP_FALSE='#'
AMDEP_TRUE=''
AMTAR='$${TAR-tar}'
AM_BACKSLASH='\'
AM_DEFAULT_V='$(AM_DEFAULT_VERBOSITY)'
AM_DEFAULT_VERBOSITY='1'
AM_V='$(V)'
AR='ar'
AUTOCONF='${SHELL} '\''/home/stu/test/mprpc/test/protobuf-3.21.12/third_party/googletest/googletest/build-aux/missing'\'' autoconf'
AUTOHEADER='${SHELL} '\''/home/stu/test/mprpc/test/protobuf-3.21.12/third_party/googletest/googletest/build-aux/missing'\'' autoheader'
AUTOMAKE='${SHELL} '\''/home/stu/test/mprpc/test/protobuf-3.21.12/third_party/googletest/googletest/build-aux/missing'\'' automake-1.16'
AWK='mawk'
CC='gcc'
CCDEPMODE='depmode=gcc3'
CFLAGS=''
CPPFLAGS=''
CSCOPE='cscope'
CTAGS='ctags'
CXX='g++'
CXXCPP='g++ -E'
CXXDEPMODE='depmode=gcc3'
CXXFLAGS=' -g -std=c++11 -DNDEBUG'
CYGPATH_W='echo'
DEFS='-DHAVE_CONFIG_H'
DEPDIR='.deps'
DLLTOOL='false'
DSYMUTIL=''
DUMPBIN=''
ECHO_C=''
ECHO_N='-n'
ECHO_T=''
EGREP='/usr/bin/grep -E'
ETAGS='etags'
EXEEXT=''
FGREP='/usr/bin/grep -F'
FILECMD='file'
GREP='/usr/bin/grep'
HAVE_PTHREADS_FALSE='#'
HAVE_PTHREADS_TRUE=''
HAVE_PYTHON_FALSE=''
HAVE_PYTHON_TRUE='#'
INSTALL_DATA='${INSTALL} -m 644'
INSTALL_PROGRAM='${INSTALL}'
INSTALL_SCRIPT='${INSTALL}'
INSTALL_STRIP_PROGRAM='$(install_sh) -c -s'
LD='/usr/bin/ld -m elf_x86_64'
LDFLAGS=''
LIBOBJS=''
LIBS=''
LIBTOOL='$(SHELL) $(top_builddir)/libtool'
LIPO=''
LN_S='ln -s'
LTLIBOBJS=''
LT_SYS_LIBRARY_PATH=''
MAKEINFO='${SHELL} '\''/home/stu/test/mprpc/test/protobuf-3.21.12/third_party/googletest/googletest/build-aux/missing'\'' makeinfo'
MANIFEST_TOOL=':'
MKDIR_P='/usr/bin/mkdir -p'
NM='/usr/bin/nm -B'
NMEDIT=''
OBJDUMP='objdump'
OBJEXT='o'
OTOOL64=''
OTOOL=''
PACKAGE='gtest'
PACKAGE_BUGREPORT='googletestframework@googlegroups.com'
PACKAGE_NAME='Google C++ Testing Framework'
PACKAGE_STRING='Google C++ Testing Framework 1.8.0'
PACKAGE_TARNAME='gtest'
PACKAGE_URL=''
PACKAGE_VERSION='1.8.0'
PATH_SEPARATOR=':'
PTHREAD_CC='gcc'
PTHREAD_CFLAGS='-pthread'
PTHREAD_LIBS=''
PYTHON=':'
RANLIB='ranlib'
SED='/usr/bin/sed'
SET_MAKE=''
SHELL='/bin/bash'
STRIP='strip'
VERSION='1.8.0'
ac_ct_AR='ar'
ac_ct_CC='gcc'
ac_ct_CXX='g++'
ac_ct_DUMPBIN=''
acx_pthread_config=''
am__EXEEXT_FALSE=''
am__EXEEXT_TRUE='#'
am__fastdepCC_FALSE='#'
am__fastdepCC_TRUE=''
am__fastdepCXX_FALSE='#'
am__fastdepCXX_TRUE=''
am__include='include'
am__isrc=''
am__leading_dot='.'
am__nodep='_no'
am__quote=''
am__tar='$${TAR-tar} chof - "$$tardir"'
am__untar='$${TAR-tar} xf -'
bindir='${exec_prefix}/bin'
build='x86_64-pc-linux-gnu'
build_alias=''
build_cpu='x86_64'
build_os='linux-gnu'
build_vendor='pc'
datadir='${datarootdir}'
datarootdir='${prefix}/share'
docdir='${datarootdir}/doc/${PACKAGE_TARNAME}'
dvidir='${docdir}'
exec_prefix='${prefix}'
host='x86_64-pc-linux-gnu'
host_alias=''
host_cpu='x86_64'
host_os='linux-gnu'
host_vendor='pc'
htmldir='${docdir}'
includedir='${prefix}/include'
infodir='${datarootdir}/info'
install_sh='${SHELL} /home/stu/test/mprpc/test/protobuf-3.21.12/third_party/googletest/googletest/build-aux/install-sh'
libdir='${exec_prefix}/lib'
libexecdir='${exec_prefix}/libexec'
localedir='${datarootdir}/locale'
localstatedir='${prefix}/var'
mandir='${datarootdir}/man'
mkdir_p='$(MKDIR_P)'
oldincludedir='/usr/include'
pdfdir='${docdir}'
prefix='/usr/local'
program_transform_name='s,x,x,'
psdir='${docdir}'
runstatedir='${localstatedir}/run'
sbindir='${exec_prefix}/sbin'
sharedstatedir='${prefix}/com'
sysconfdir='${prefix}/etc'
target_alias=''

## ----------- ##
## confdefs.h. ##
## ----------- ##

/* confdefs.h */
#define PACKAGE_NAME "Google C++ Testing Framework"
#define PACKAGE_TARNAME "gtest"
#define PACKAGE_VERSION "1.8.0"
#define PACKAGE_STRING "Google C++ Testing Framework 1.8.0"
#define PACKAGE_BUGREPORT "googletestframework@googlegroups.com"
#define PACKAGE_URL ""
#define PACKAGE "gtest"
#define VERSION "1.8.0"
#define HAVE_STDIO_H 1
#define HAVE_STDLIB_H 1
#define HAVE_STRING_H 1
#define HAVE_INTTYPES_H 1
#define HAVE_STDINT_H 1
#define HAVE_STRINGS_H 1
#define HAVE_SYS_STAT_H 1
#define HAVE_SYS_TYPES_H 1
#define HAVE_UNISTD_H 1
#define STDC_HEADERS 1
#define HAVE_DLFCN_H 1
#define LT_OBJDIR ".libs/"
#define HAVE_PTHREAD 1

configure: exit 0
